This is pdfTeX, Version 3.14159265-2.6-1.40.20 (MiKTeX 2.9.7250 64-bit) (preloaded format=pdflatex 2019.12.22)  16 APR 2020 15:15
entering extended mode
**./report.tex
(report.tex
LaTeX2e <2019-10-01> patch level 3
("C:\Program Files\MiKTeX 2.9\tex/latex/base\article.cls"
Document Class: article 2019/10/25 v1.4k Standard LaTeX document class
("C:\Program Files\MiKTeX 2.9\tex/latex/base\size11.clo"
File: size11.clo 2019/10/25 v1.4k Standard LaTeX file (size option)
)
\c@part=\count80
\c@section=\count81
\c@subsection=\count82
\c@subsubsection=\count83
\c@paragraph=\count84
\c@subparagraph=\count85
\c@figure=\count86
\c@table=\count87
\abovecaptionskip=\skip41
\belowcaptionskip=\skip42
\bibindent=\dimen102
)
("C:\Program Files\MiKTeX 2.9\tex/latex/base\fontenc.sty"
Package: fontenc 2018/08/11 v2.0j Standard LaTeX package

("C:\Program Files\MiKTeX 2.9\tex/latex/base\t1enc.def"
File: t1enc.def 2018/08/11 v2.0j Standard LaTeX file
LaTeX Font Info:    Redeclaring font encoding T1 on input line 48.
))
("C:\Program Files\MiKTeX 2.9\tex/latex/base\inputenc.sty"
Package: inputenc 2018/08/11 v1.3c Input encoding file
\inpenc@prehook=\toks14
\inpenc@posthook=\toks15
)
("C:\Program Files\MiKTeX 2.9\tex/generic/babel\babel.sty"
Package: babel 2019/12/08 3.37 The Babel package

("C:\Program Files\MiKTeX 2.9\tex/generic/babel\switch.def"
File: switch.def 2019/12/08 3.37 Babel switching mechanism
)
*************************************
* Local config file bblopts.cfg used
*
("C:\Program Files\MiKTeX 2.9\tex/latex/arabi\bblopts.cfg"
File: bblopts.cfg 2005/09/08 v0.1 add Arabic and Farsi to "declared" options of
 babel
)
("C:\Users\Dat Swag\AppData\Roaming\MiKTeX\2.9\tex/latex/babel-portuges\portuge
s.ldf"
Language: portuges 2008/03/18 v1.2q Portuguese support from the babel system
 ("C:\Program Files\MiKTeX 2.9\tex/generic/babel\babel.def"
File: babel.def 2019/12/08 3.37 Babel common definitions
\babel@savecnt=\count88
\U@D=\dimen103

("C:\Program Files\MiKTeX 2.9\tex/generic/babel\txtbabel.def")
\bbl@dirlevel=\count89
)
Package babel Info: Making " an active character on input line 145.
))
("C:\Users\Dat Swag\AppData\Roaming\MiKTeX\2.9\tex/latex/hyphenat\hyphenat.sty"
Package: hyphenat 2009/09/02 v2.3c hyphenation utilities
\langwohyphens=\language78
LaTeX Info: Redefining \_ on input line 43.
) ("C:\Program Files\MiKTeX 2.9\tex/latex/graphics\graphicx.sty"
Package: graphicx 2017/06/01 v1.1a Enhanced LaTeX Graphics (DPC,SPQR)

("C:\Program Files\MiKTeX 2.9\tex/latex/graphics\keyval.sty"
Package: keyval 2014/10/28 v1.15 key=value parser (DPC)
\KV@toks@=\toks16
)
("C:\Program Files\MiKTeX 2.9\tex/latex/graphics\graphics.sty"
Package: graphics 2019/11/01 v1.3d Standard LaTeX Graphics (DPC,SPQR)

("C:\Program Files\MiKTeX 2.9\tex/latex/graphics\trig.sty"
Package: trig 2016/01/03 v1.10 sin cos tan (DPC)
)
("C:\Program Files\MiKTeX 2.9\tex/latex/graphics-cfg\graphics.cfg"
File: graphics.cfg 2016/06/04 v1.11 sample graphics configuration
)
Package graphics Info: Driver file: pdftex.def on input line 105.

("C:\Program Files\MiKTeX 2.9\tex/latex/graphics-def\pdftex.def"
File: pdftex.def 2018/01/08 v1.0l Graphics/color driver for pdftex
))
\Gin@req@height=\dimen104
\Gin@req@width=\dimen105
)
("C:\Users\Dat Swag\AppData\Roaming\MiKTeX\2.9\tex/latex/comment\comment.sty"
\CommentStream=\write3

Excluding comment 'comment')
("C:\Program Files\MiKTeX 2.9\tex/latex/pgfplots\pgfplots.sty"
("C:\Program Files\MiKTeX 2.9\tex/generic/pgfplots\pgfplots.revision.tex")
Package: pgfplots 2018/03/28 v1.16 Data Visualization (1.16)

("C:\Users\Dat Swag\AppData\Roaming\MiKTeX\2.9\tex/latex/pgf/frontendlayer\tikz
.sty"
("C:\Users\Dat Swag\AppData\Roaming\MiKTeX\2.9\tex/latex/pgf/basiclayer\pgf.sty
"
("C:\Users\Dat Swag\AppData\Roaming\MiKTeX\2.9\tex/latex/pgf/utilities\pgfrcs.s
ty"
("C:\Users\Dat Swag\AppData\Roaming\MiKTeX\2.9\tex/generic/pgf/utilities\pgfuti
l-common.tex"
\pgfutil@everybye=\toks17
\pgfutil@tempdima=\dimen106
\pgfutil@tempdimb=\dimen107

("C:\Users\Dat Swag\AppData\Roaming\MiKTeX\2.9\tex/generic/pgf/utilities\pgfuti
l-common-lists.tex"))
("C:\Users\Dat Swag\AppData\Roaming\MiKTeX\2.9\tex/generic/pgf/utilities\pgfuti
l-latex.def"
\pgfutil@abb=\box27
 ("C:\Program Files\MiKTeX 2.9\tex/latex/ms\everyshi.sty"
Package: everyshi 2001/05/15 v3.00 EveryShipout Package (MS)
))
("C:\Users\Dat Swag\AppData\Roaming\MiKTeX\2.9\tex/generic/pgf/utilities\pgfrcs
.code.tex"
("C:\Users\Dat Swag\AppData\Roaming\MiKTeX\2.9\tex/generic/pgf\pgf.revision.tex
")
Package: pgfrcs 2020/01/08 v3.1.5b (3.1.5b)
))
Package: pgf 2020/01/08 v3.1.5b (3.1.5b)

("C:\Users\Dat Swag\AppData\Roaming\MiKTeX\2.9\tex/latex/pgf/basiclayer\pgfcore
.sty"
("C:\Users\Dat Swag\AppData\Roaming\MiKTeX\2.9\tex/latex/pgf/systemlayer\pgfsys
.sty"
("C:\Users\Dat Swag\AppData\Roaming\MiKTeX\2.9\tex/generic/pgf/systemlayer\pgfs
ys.code.tex"
Package: pgfsys 2020/01/08 v3.1.5b (3.1.5b)

("C:\Users\Dat Swag\AppData\Roaming\MiKTeX\2.9\tex/generic/pgf/utilities\pgfkey
s.code.tex"
\pgfkeys@pathtoks=\toks18
\pgfkeys@temptoks=\toks19

("C:\Users\Dat Swag\AppData\Roaming\MiKTeX\2.9\tex/generic/pgf/utilities\pgfkey
sfiltered.code.tex"
\pgfkeys@tmptoks=\toks20
))
\pgf@x=\dimen108
\pgf@y=\dimen109
\pgf@xa=\dimen110
\pgf@ya=\dimen111
\pgf@xb=\dimen112
\pgf@yb=\dimen113
\pgf@xc=\dimen114
\pgf@yc=\dimen115
\pgf@xd=\dimen116
\pgf@yd=\dimen117
\w@pgf@writea=\write4
\r@pgf@reada=\read1
\c@pgf@counta=\count90
\c@pgf@countb=\count91
\c@pgf@countc=\count92
\c@pgf@countd=\count93
\t@pgf@toka=\toks21
\t@pgf@tokb=\toks22
\t@pgf@tokc=\toks23
\pgf@sys@id@count=\count94

("C:\Users\Dat Swag\AppData\Roaming\MiKTeX\2.9\tex/generic/pgf/systemlayer\pgf.
cfg"
File: pgf.cfg 2020/01/08 v3.1.5b (3.1.5b)
)
Driver file for pgf: pgfsys-pdftex.def

("C:\Users\Dat Swag\AppData\Roaming\MiKTeX\2.9\tex/generic/pgf/systemlayer\pgfs
ys-pdftex.def"
File: pgfsys-pdftex.def 2020/01/08 v3.1.5b (3.1.5b)

("C:\Users\Dat Swag\AppData\Roaming\MiKTeX\2.9\tex/generic/pgf/systemlayer\pgfs
ys-common-pdf.def"
File: pgfsys-common-pdf.def 2020/01/08 v3.1.5b (3.1.5b)
)))
("C:\Users\Dat Swag\AppData\Roaming\MiKTeX\2.9\tex/generic/pgf/systemlayer\pgfs
yssoftpath.code.tex"
File: pgfsyssoftpath.code.tex 2020/01/08 v3.1.5b (3.1.5b)
\pgfsyssoftpath@smallbuffer@items=\count95
\pgfsyssoftpath@bigbuffer@items=\count96
)
("C:\Users\Dat Swag\AppData\Roaming\MiKTeX\2.9\tex/generic/pgf/systemlayer\pgfs
ysprotocol.code.tex"
File: pgfsysprotocol.code.tex 2020/01/08 v3.1.5b (3.1.5b)
)) ("C:\Program Files\MiKTeX 2.9\tex/latex/xcolor\xcolor.sty"
Package: xcolor 2016/05/11 v2.12 LaTeX color extensions (UK)
 ("C:\Program Files\MiKTeX 2.9\tex/latex/graphics-cfg\color.cfg"
File: color.cfg 2016/01/02 v1.6 sample color configuration
)
Package xcolor Info: Driver file: pdftex.def on input line 225.
Package xcolor Info: Model `cmy' substituted by `cmy0' on input line 1348.
Package xcolor Info: Model `hsb' substituted by `rgb' on input line 1352.
Package xcolor Info: Model `RGB' extended on input line 1364.
Package xcolor Info: Model `HTML' substituted by `rgb' on input line 1366.
Package xcolor Info: Model `Hsb' substituted by `hsb' on input line 1367.
Package xcolor Info: Model `tHsb' substituted by `hsb' on input line 1368.
Package xcolor Info: Model `HSB' substituted by `hsb' on input line 1369.
Package xcolor Info: Model `Gray' substituted by `gray' on input line 1370.
Package xcolor Info: Model `wave' substituted by `hsb' on input line 1371.
)
("C:\Users\Dat Swag\AppData\Roaming\MiKTeX\2.9\tex/generic/pgf/basiclayer\pgfco
re.code.tex"
Package: pgfcore 2020/01/08 v3.1.5b (3.1.5b)

("C:\Users\Dat Swag\AppData\Roaming\MiKTeX\2.9\tex/generic/pgf/math\pgfmath.cod
e.tex"
("C:\Users\Dat Swag\AppData\Roaming\MiKTeX\2.9\tex/generic/pgf/math\pgfmathcalc
.code.tex"
("C:\Users\Dat Swag\AppData\Roaming\MiKTeX\2.9\tex/generic/pgf/math\pgfmathutil
.code.tex")
("C:\Users\Dat Swag\AppData\Roaming\MiKTeX\2.9\tex/generic/pgf/math\pgfmathpars
er.code.tex"
\pgfmath@dimen=\dimen118
\pgfmath@count=\count97
\pgfmath@box=\box28
\pgfmath@toks=\toks24
\pgfmath@stack@operand=\toks25
\pgfmath@stack@operation=\toks26
)
("C:\Users\Dat Swag\AppData\Roaming\MiKTeX\2.9\tex/generic/pgf/math\pgfmathfunc
tions.code.tex"
("C:\Users\Dat Swag\AppData\Roaming\MiKTeX\2.9\tex/generic/pgf/math\pgfmathfunc
tions.basic.code.tex")
("C:\Users\Dat Swag\AppData\Roaming\MiKTeX\2.9\tex/generic/pgf/math\pgfmathfunc
tions.trigonometric.code.tex")
("C:\Users\Dat Swag\AppData\Roaming\MiKTeX\2.9\tex/generic/pgf/math\pgfmathfunc
tions.random.code.tex")
("C:\Users\Dat Swag\AppData\Roaming\MiKTeX\2.9\tex/generic/pgf/math\pgfmathfunc
tions.comparison.code.tex")
("C:\Users\Dat Swag\AppData\Roaming\MiKTeX\2.9\tex/generic/pgf/math\pgfmathfunc
tions.base.code.tex")
("C:\Users\Dat Swag\AppData\Roaming\MiKTeX\2.9\tex/generic/pgf/math\pgfmathfunc
tions.round.code.tex")
("C:\Users\Dat Swag\AppData\Roaming\MiKTeX\2.9\tex/generic/pgf/math\pgfmathfunc
tions.misc.code.tex")
("C:\Users\Dat Swag\AppData\Roaming\MiKTeX\2.9\tex/generic/pgf/math\pgfmathfunc
tions.integerarithmetics.code.tex")))
("C:\Users\Dat Swag\AppData\Roaming\MiKTeX\2.9\tex/generic/pgf/math\pgfmathfloa
t.code.tex"
\c@pgfmathroundto@lastzeros=\count98
))
("C:\Users\Dat Swag\AppData\Roaming\MiKTeX\2.9\tex/generic/pgf/math\pgfint.code
.tex")
("C:\Users\Dat Swag\AppData\Roaming\MiKTeX\2.9\tex/generic/pgf/basiclayer\pgfco
repoints.code.tex"
File: pgfcorepoints.code.tex 2020/01/08 v3.1.5b (3.1.5b)
\pgf@picminx=\dimen119
\pgf@picmaxx=\dimen120
\pgf@picminy=\dimen121
\pgf@picmaxy=\dimen122
\pgf@pathminx=\dimen123
\pgf@pathmaxx=\dimen124
\pgf@pathminy=\dimen125
\pgf@pathmaxy=\dimen126
\pgf@xx=\dimen127
\pgf@xy=\dimen128
\pgf@yx=\dimen129
\pgf@yy=\dimen130
\pgf@zx=\dimen131
\pgf@zy=\dimen132
)
("C:\Users\Dat Swag\AppData\Roaming\MiKTeX\2.9\tex/generic/pgf/basiclayer\pgfco
repathconstruct.code.tex"
File: pgfcorepathconstruct.code.tex 2020/01/08 v3.1.5b (3.1.5b)
\pgf@path@lastx=\dimen133
\pgf@path@lasty=\dimen134
)
("C:\Users\Dat Swag\AppData\Roaming\MiKTeX\2.9\tex/generic/pgf/basiclayer\pgfco
repathusage.code.tex"
File: pgfcorepathusage.code.tex 2020/01/08 v3.1.5b (3.1.5b)
\pgf@shorten@end@additional=\dimen135
\pgf@shorten@start@additional=\dimen136
)
("C:\Users\Dat Swag\AppData\Roaming\MiKTeX\2.9\tex/generic/pgf/basiclayer\pgfco
rescopes.code.tex"
File: pgfcorescopes.code.tex 2020/01/08 v3.1.5b (3.1.5b)
\pgfpic=\box29
\pgf@hbox=\box30
\pgf@layerbox@main=\box31
\pgf@picture@serial@count=\count99
)
("C:\Users\Dat Swag\AppData\Roaming\MiKTeX\2.9\tex/generic/pgf/basiclayer\pgfco
regraphicstate.code.tex"
File: pgfcoregraphicstate.code.tex 2020/01/08 v3.1.5b (3.1.5b)
\pgflinewidth=\dimen137
)
("C:\Users\Dat Swag\AppData\Roaming\MiKTeX\2.9\tex/generic/pgf/basiclayer\pgfco
retransformations.code.tex"
File: pgfcoretransformations.code.tex 2020/01/08 v3.1.5b (3.1.5b)
\pgf@pt@x=\dimen138
\pgf@pt@y=\dimen139
\pgf@pt@temp=\dimen140
)
("C:\Users\Dat Swag\AppData\Roaming\MiKTeX\2.9\tex/generic/pgf/basiclayer\pgfco
requick.code.tex"
File: pgfcorequick.code.tex 2020/01/08 v3.1.5b (3.1.5b)
)
("C:\Users\Dat Swag\AppData\Roaming\MiKTeX\2.9\tex/generic/pgf/basiclayer\pgfco
reobjects.code.tex"
File: pgfcoreobjects.code.tex 2020/01/08 v3.1.5b (3.1.5b)
)
("C:\Users\Dat Swag\AppData\Roaming\MiKTeX\2.9\tex/generic/pgf/basiclayer\pgfco
repathprocessing.code.tex"
File: pgfcorepathprocessing.code.tex 2020/01/08 v3.1.5b (3.1.5b)
)
("C:\Users\Dat Swag\AppData\Roaming\MiKTeX\2.9\tex/generic/pgf/basiclayer\pgfco
rearrows.code.tex"
File: pgfcorearrows.code.tex 2020/01/08 v3.1.5b (3.1.5b)
\pgfarrowsep=\dimen141
)
("C:\Users\Dat Swag\AppData\Roaming\MiKTeX\2.9\tex/generic/pgf/basiclayer\pgfco
reshade.code.tex"
File: pgfcoreshade.code.tex 2020/01/08 v3.1.5b (3.1.5b)
\pgf@max=\dimen142
\pgf@sys@shading@range@num=\count100
\pgf@shadingcount=\count101
)
("C:\Users\Dat Swag\AppData\Roaming\MiKTeX\2.9\tex/generic/pgf/basiclayer\pgfco
reimage.code.tex"
File: pgfcoreimage.code.tex 2020/01/08 v3.1.5b (3.1.5b)

("C:\Users\Dat Swag\AppData\Roaming\MiKTeX\2.9\tex/generic/pgf/basiclayer\pgfco
reexternal.code.tex"
File: pgfcoreexternal.code.tex 2020/01/08 v3.1.5b (3.1.5b)
\pgfexternal@startupbox=\box32
))
("C:\Users\Dat Swag\AppData\Roaming\MiKTeX\2.9\tex/generic/pgf/basiclayer\pgfco
relayers.code.tex"
File: pgfcorelayers.code.tex 2020/01/08 v3.1.5b (3.1.5b)
)
("C:\Users\Dat Swag\AppData\Roaming\MiKTeX\2.9\tex/generic/pgf/basiclayer\pgfco
retransparency.code.tex"
File: pgfcoretransparency.code.tex 2020/01/08 v3.1.5b (3.1.5b)
)
("C:\Users\Dat Swag\AppData\Roaming\MiKTeX\2.9\tex/generic/pgf/basiclayer\pgfco
repatterns.code.tex"
File: pgfcorepatterns.code.tex 2020/01/08 v3.1.5b (3.1.5b)
)
("C:\Users\Dat Swag\AppData\Roaming\MiKTeX\2.9\tex/generic/pgf/basiclayer\pgfco
rerdf.code.tex"
File: pgfcorerdf.code.tex 2020/01/08 v3.1.5b (3.1.5b)
)))
("C:\Users\Dat Swag\AppData\Roaming\MiKTeX\2.9\tex/generic/pgf/modules\pgfmodul
eshapes.code.tex"
File: pgfmoduleshapes.code.tex 2020/01/08 v3.1.5b (3.1.5b)
\pgfnodeparttextbox=\box33
)
("C:\Users\Dat Swag\AppData\Roaming\MiKTeX\2.9\tex/generic/pgf/modules\pgfmodul
eplot.code.tex"
File: pgfmoduleplot.code.tex 2020/01/08 v3.1.5b (3.1.5b)
)
("C:\Users\Dat Swag\AppData\Roaming\MiKTeX\2.9\tex/latex/pgf/compatibility\pgfc
omp-version-0-65.sty"
Package: pgfcomp-version-0-65 2020/01/08 v3.1.5b (3.1.5b)
\pgf@nodesepstart=\dimen143
\pgf@nodesepend=\dimen144
)
("C:\Users\Dat Swag\AppData\Roaming\MiKTeX\2.9\tex/latex/pgf/compatibility\pgfc
omp-version-1-18.sty"
Package: pgfcomp-version-1-18 2020/01/08 v3.1.5b (3.1.5b)
))
("C:\Users\Dat Swag\AppData\Roaming\MiKTeX\2.9\tex/latex/pgf/utilities\pgffor.s
ty"
("C:\Users\Dat Swag\AppData\Roaming\MiKTeX\2.9\tex/latex/pgf/utilities\pgfkeys.
sty"
("C:\Users\Dat Swag\AppData\Roaming\MiKTeX\2.9\tex/generic/pgf/utilities\pgfkey
s.code.tex"))
("C:\Users\Dat Swag\AppData\Roaming\MiKTeX\2.9\tex/latex/pgf/math\pgfmath.sty"
("C:\Users\Dat Swag\AppData\Roaming\MiKTeX\2.9\tex/generic/pgf/math\pgfmath.cod
e.tex"))
("C:\Users\Dat Swag\AppData\Roaming\MiKTeX\2.9\tex/generic/pgf/utilities\pgffor
.code.tex"
Package: pgffor 2020/01/08 v3.1.5b (3.1.5b)

("C:\Users\Dat Swag\AppData\Roaming\MiKTeX\2.9\tex/generic/pgf/math\pgfmath.cod
e.tex")
\pgffor@iter=\dimen145
\pgffor@skip=\dimen146
\pgffor@stack=\toks27
\pgffor@toks=\toks28
))
("C:\Users\Dat Swag\AppData\Roaming\MiKTeX\2.9\tex/generic/pgf/frontendlayer/ti
kz\tikz.code.tex"
Package: tikz 2020/01/08 v3.1.5b (3.1.5b)

("C:\Users\Dat Swag\AppData\Roaming\MiKTeX\2.9\tex/generic/pgf/libraries\pgflib
raryplothandlers.code.tex"
File: pgflibraryplothandlers.code.tex 2020/01/08 v3.1.5b (3.1.5b)
\pgf@plot@mark@count=\count102
\pgfplotmarksize=\dimen147
)
\tikz@lastx=\dimen148
\tikz@lasty=\dimen149
\tikz@lastxsaved=\dimen150
\tikz@lastysaved=\dimen151
\tikz@lastmovetox=\dimen152
\tikz@lastmovetoy=\dimen153
\tikzleveldistance=\dimen154
\tikzsiblingdistance=\dimen155
\tikz@figbox=\box34
\tikz@figbox@bg=\box35
\tikz@tempbox=\box36
\tikz@tempbox@bg=\box37
\tikztreelevel=\count103
\tikznumberofchildren=\count104
\tikznumberofcurrentchild=\count105
\tikz@fig@count=\count106

("C:\Users\Dat Swag\AppData\Roaming\MiKTeX\2.9\tex/generic/pgf/modules\pgfmodul
ematrix.code.tex"
File: pgfmodulematrix.code.tex 2020/01/08 v3.1.5b (3.1.5b)
\pgfmatrixcurrentrow=\count107
\pgfmatrixcurrentcolumn=\count108
\pgf@matrix@numberofcolumns=\count109
)
\tikz@expandcount=\count110

("C:\Users\Dat Swag\AppData\Roaming\MiKTeX\2.9\tex/generic/pgf/frontendlayer/ti
kz/libraries\tikzlibrarytopaths.code.tex"
File: tikzlibrarytopaths.code.tex 2020/01/08 v3.1.5b (3.1.5b)
)))
("C:\Program Files\MiKTeX 2.9\tex/generic/pgfplots\pgfplots.code.tex"
("C:\Program Files\MiKTeX 2.9\tex/generic/pgfplots\pgfplotscore.code.tex"
\t@pgfplots@toka=\toks29
\t@pgfplots@tokb=\toks30
\t@pgfplots@tokc=\toks31
\pgfplots@tmpa=\dimen156
\c@pgfplots@coordindex=\count111
\c@pgfplots@scanlineindex=\count112

("C:\Program Files\MiKTeX 2.9\tex/generic/pgfplots/sys\pgfplotssysgeneric.code.
tex"))
("C:\Program Files\MiKTeX 2.9\tex/generic/pgfplots/libs\pgfplotslibrary.code.te
x")
("C:\Program Files\MiKTeX 2.9\tex/generic/pgfplots/oldpgfcompatib\pgfplotsoldpg
fsupp_loader.code.tex"
("C:\Users\Dat Swag\AppData\Roaming\MiKTeX\2.9\tex/generic/pgf/libraries\pgflib
raryfpu.code.tex"))
("C:\Program Files\MiKTeX 2.9\tex/generic/pgfplots/util\pgfplotsutil.code.tex"
("C:\Program Files\MiKTeX 2.9\tex/generic/pgfplots/liststructure\pgfplotslistst
ructure.code.tex")
("C:\Program Files\MiKTeX 2.9\tex/generic/pgfplots/liststructure\pgfplotslistst
ructureext.code.tex")
("C:\Program Files\MiKTeX 2.9\tex/generic/pgfplots/liststructure\pgfplotsarray.
code.tex"
\c@pgfplotsarray@tmp=\count113
)
("C:\Program Files\MiKTeX 2.9\tex/generic/pgfplots/liststructure\pgfplotsmatrix
.code.tex")
("C:\Program Files\MiKTeX 2.9\tex/generic/pgfplots/numtable\pgfplotstableshared
.code.tex"
\c@pgfplotstable@counta=\count114
\t@pgfplotstable@a=\toks32
)
("C:\Program Files\MiKTeX 2.9\tex/generic/pgfplots/liststructure\pgfplotsdeque.
code.tex")
("C:\Program Files\MiKTeX 2.9\tex/generic/pgfplots/util\pgfplotsbinary.code.tex
"
("C:\Program Files\MiKTeX 2.9\tex/generic/pgfplots/util\pgfplotsbinary.data.cod
e.tex"))
("C:\Program Files\MiKTeX 2.9\tex/generic/pgfplots/util\pgfplotsutil.verb.code.
tex")
("C:\Program Files\MiKTeX 2.9\tex/generic/pgfplots/libs\pgflibrarypgfplots.surf
shading.code.tex"
\c@pgfplotslibrarysurf@no=\count115

("C:\Program Files\MiKTeX 2.9\tex/generic/pgfplots/sys\pgflibrarypgfplots.surfs
hading.pgfsys-pdftex.def")))
("C:\Program Files\MiKTeX 2.9\tex/generic/pgfplots/util\pgfplotscolormap.code.t
ex"
("C:\Program Files\MiKTeX 2.9\tex/generic/pgfplots/util\pgfplotscolor.code.tex"
))
("C:\Program Files\MiKTeX 2.9\tex/generic/pgfplots\pgfplotsstackedplots.code.te
x")
("C:\Program Files\MiKTeX 2.9\tex/generic/pgfplots\pgfplotsplothandlers.code.te
x"
("C:\Program Files\MiKTeX 2.9\tex/generic/pgfplots\pgfplotsmeshplothandler.code
.tex"
("C:\Program Files\MiKTeX 2.9\tex/generic/pgfplots\pgfplotsmeshplotimage.code.t
ex")))
("C:\Program Files\MiKTeX 2.9\tex/generic/pgfplots\pgfplots.scaling.code.tex")
("C:\Program Files\MiKTeX 2.9\tex/generic/pgfplots\pgfplotscoordprocessing.code
.tex")
("C:\Program Files\MiKTeX 2.9\tex/generic/pgfplots\pgfplots.errorbars.code.tex"
) ("C:\Program Files\MiKTeX 2.9\tex/generic/pgfplots\pgfplots.markers.code.tex"
) ("C:\Program Files\MiKTeX 2.9\tex/generic/pgfplots\pgfplotsticks.code.tex")
("C:\Program Files\MiKTeX 2.9\tex/generic/pgfplots\pgfplots.paths.code.tex")
("C:\Users\Dat Swag\AppData\Roaming\MiKTeX\2.9\tex/generic/pgf/frontendlayer/ti
kz/libraries\tikzlibrarydecorations.code.tex"
("C:\Users\Dat Swag\AppData\Roaming\MiKTeX\2.9\tex/generic/pgf/modules\pgfmodul
edecorations.code.tex"
\pgfdecoratedcompleteddistance=\dimen157
\pgfdecoratedremainingdistance=\dimen158
\pgfdecoratedinputsegmentcompleteddistance=\dimen159
\pgfdecoratedinputsegmentremainingdistance=\dimen160
\pgf@decorate@distancetomove=\dimen161
\pgf@decorate@repeatstate=\count116
\pgfdecorationsegmentamplitude=\dimen162
\pgfdecorationsegmentlength=\dimen163
)
\tikz@lib@dec@box=\box38
)
("C:\Users\Dat Swag\AppData\Roaming\MiKTeX\2.9\tex/generic/pgf/frontendlayer/ti
kz/libraries\tikzlibrarydecorations.pathmorphing.code.tex"
("C:\Users\Dat Swag\AppData\Roaming\MiKTeX\2.9\tex/generic/pgf/libraries/decora
tions\pgflibrarydecorations.pathmorphing.code.tex"))
("C:\Users\Dat Swag\AppData\Roaming\MiKTeX\2.9\tex/generic/pgf/frontendlayer/ti
kz/libraries\tikzlibrarydecorations.pathreplacing.code.tex"
("C:\Users\Dat Swag\AppData\Roaming\MiKTeX\2.9\tex/generic/pgf/libraries/decora
tions\pgflibrarydecorations.pathreplacing.code.tex"))
\pgfplots@numplots=\count117
\pgfplots@xmin@reg=\dimen164
\pgfplots@xmax@reg=\dimen165
\pgfplots@ymin@reg=\dimen166
\pgfplots@ymax@reg=\dimen167
\pgfplots@zmin@reg=\dimen168
\pgfplots@zmax@reg=\dimen169
)
("C:\Users\Dat Swag\AppData\Roaming\MiKTeX\2.9\tex/generic/pgf/frontendlayer/ti
kz/libraries\tikzlibraryplotmarks.code.tex"
File: tikzlibraryplotmarks.code.tex 2020/01/08 v3.1.5b (3.1.5b)

("C:\Users\Dat Swag\AppData\Roaming\MiKTeX\2.9\tex/generic/pgf/libraries\pgflib
raryplotmarks.code.tex"
File: pgflibraryplotmarks.code.tex 2020/01/08 v3.1.5b (3.1.5b)
)))
("C:\Program Files\MiKTeX 2.9\tex/latex/amsmath\amsmath.sty"
Package: amsmath 2019/11/16 v2.17d AMS math features
\@mathmargin=\skip43

For additional information on amsmath, use the `?' option.
("C:\Program Files\MiKTeX 2.9\tex/latex/amsmath\amstext.sty"
Package: amstext 2000/06/29 v2.01 AMS text

("C:\Program Files\MiKTeX 2.9\tex/latex/amsmath\amsgen.sty"
File: amsgen.sty 1999/11/30 v2.0 generic functions
\@emptytoks=\toks33
\ex@=\dimen170
))
("C:\Program Files\MiKTeX 2.9\tex/latex/amsmath\amsbsy.sty"
Package: amsbsy 1999/11/29 v1.2d Bold Symbols
\pmbraise@=\dimen171
)
("C:\Program Files\MiKTeX 2.9\tex/latex/amsmath\amsopn.sty"
Package: amsopn 2016/03/08 v2.02 operator names
)
\inf@bad=\count118
LaTeX Info: Redefining \frac on input line 227.
\uproot@=\count119
\leftroot@=\count120
LaTeX Info: Redefining \overline on input line 389.
\classnum@=\count121
\DOTSCASE@=\count122
LaTeX Info: Redefining \ldots on input line 486.
LaTeX Info: Redefining \dots on input line 489.
LaTeX Info: Redefining \cdots on input line 610.
\Mathstrutbox@=\box39
\strutbox@=\box40
\big@size=\dimen172
LaTeX Font Info:    Redeclaring font encoding OML on input line 733.
LaTeX Font Info:    Redeclaring font encoding OMS on input line 734.
\macc@depth=\count123
\c@MaxMatrixCols=\count124
\dotsspace@=\muskip10
\c@parentequation=\count125
\dspbrk@lvl=\count126
\tag@help=\toks34
\row@=\count127
\column@=\count128
\maxfields@=\count129
\andhelp@=\toks35
\eqnshift@=\dimen173
\alignsep@=\dimen174
\tagshift@=\dimen175
\tagwidth@=\dimen176
\totwidth@=\dimen177
\lineht@=\dimen178
\@envbody=\toks36
\multlinegap=\skip44
\multlinetaggap=\skip45
\mathdisplay@stack=\toks37
LaTeX Info: Redefining \[ on input line 2858.
LaTeX Info: Redefining \] on input line 2859.
)
("C:\Program Files\MiKTeX 2.9\tex/latex/amsfonts\amssymb.sty"
Package: amssymb 2013/01/14 v3.01 AMS font symbols

("C:\Program Files\MiKTeX 2.9\tex/latex/amsfonts\amsfonts.sty"
Package: amsfonts 2013/01/14 v3.01 Basic AMSFonts support
\symAMSa=\mathgroup4
\symAMSb=\mathgroup5
LaTeX Font Info:    Redeclaring math symbol \hbar on input line 98.
LaTeX Font Info:    Overwriting math alphabet `\mathfrak' in version `bold'
(Font)                  U/euf/m/n --> U/euf/b/n on input line 106.
))
("C:\Users\Dat Swag\AppData\Roaming\MiKTeX\2.9\tex/latex/algorithms\algorithmic
.sty"
Package: algorithmic 2009/08/24 v0.1 Document Style `algorithmic'
 ("C:\Program Files\MiKTeX 2.9\tex/latex/base\ifthen.sty"
Package: ifthen 2014/09/29 v1.1c Standard LaTeX ifthen package (DPC)
)
\c@ALC@unique=\count130
\c@ALC@line=\count131
\c@ALC@rem=\count132
\c@ALC@depth=\count133
\ALC@tlm=\skip46
\algorithmicindent=\skip47
)
("C:\Program Files\MiKTeX 2.9\tex/latex/base\textcomp.sty"
Package: textcomp 2018/08/11 v2.0j Standard LaTeX package
Package textcomp Info: Sub-encoding information:
(textcomp)               5 = only ISO-Adobe without \textcurrency
(textcomp)               4 = 5 + \texteuro
(textcomp)               3 = 4 + \textohm
(textcomp)               2 = 3 + \textestimated + \textcurrency
(textcomp)               1 = TS1 - \textcircled - \t
(textcomp)               0 = TS1 (full)
(textcomp)             Font families with sub-encoding setting implement
(textcomp)             only a restricted character set as indicated.
(textcomp)             Family '?' is the default used for unknown fonts.
(textcomp)             See the documentation for details.
Package textcomp Info: Setting ? sub-encoding to TS1/1 on input line 79.

("C:\Program Files\MiKTeX 2.9\tex/latex/base\ts1enc.def"
File: ts1enc.def 2001/06/05 v3.0e (jk/car/fm) Standard LaTeX file
Now handling font encoding TS1 ...
... processing UTF-8 mapping file for font encoding TS1

("C:\Program Files\MiKTeX 2.9\tex/latex/base\ts1enc.dfu"
File: ts1enc.dfu 2019/07/11 v1.2j UTF-8 support for inputenc
   defining Unicode char U+00A2 (decimal 162)
   defining Unicode char U+00A3 (decimal 163)
   defining Unicode char U+00A4 (decimal 164)
   defining Unicode char U+00A5 (decimal 165)
   defining Unicode char U+00A6 (decimal 166)
   defining Unicode char U+00A7 (decimal 167)
   defining Unicode char U+00A8 (decimal 168)
   defining Unicode char U+00A9 (decimal 169)
   defining Unicode char U+00AA (decimal 170)
   defining Unicode char U+00AC (decimal 172)
   defining Unicode char U+00AE (decimal 174)
   defining Unicode char U+00AF (decimal 175)
   defining Unicode char U+00B0 (decimal 176)
   defining Unicode char U+00B1 (decimal 177)
   defining Unicode char U+00B2 (decimal 178)
   defining Unicode char U+00B3 (decimal 179)
   defining Unicode char U+00B4 (decimal 180)
   defining Unicode char U+00B5 (decimal 181)
   defining Unicode char U+00B6 (decimal 182)
   defining Unicode char U+00B7 (decimal 183)
   defining Unicode char U+00B9 (decimal 185)
   defining Unicode char U+00BA (decimal 186)
   defining Unicode char U+00BC (decimal 188)
   defining Unicode char U+00BD (decimal 189)
   defining Unicode char U+00BE (decimal 190)
   defining Unicode char U+00D7 (decimal 215)
   defining Unicode char U+00F7 (decimal 247)
   defining Unicode char U+0192 (decimal 402)
   defining Unicode char U+02C7 (decimal 711)
   defining Unicode char U+02D8 (decimal 728)
   defining Unicode char U+02DD (decimal 733)
   defining Unicode char U+0E3F (decimal 3647)
   defining Unicode char U+2016 (decimal 8214)
   defining Unicode char U+2020 (decimal 8224)
   defining Unicode char U+2021 (decimal 8225)
   defining Unicode char U+2022 (decimal 8226)
   defining Unicode char U+2030 (decimal 8240)
   defining Unicode char U+2031 (decimal 8241)
   defining Unicode char U+203B (decimal 8251)
   defining Unicode char U+203D (decimal 8253)
   defining Unicode char U+2044 (decimal 8260)
   defining Unicode char U+204E (decimal 8270)
   defining Unicode char U+2052 (decimal 8274)
   defining Unicode char U+20A1 (decimal 8353)
   defining Unicode char U+20A4 (decimal 8356)
   defining Unicode char U+20A6 (decimal 8358)
   defining Unicode char U+20A9 (decimal 8361)
   defining Unicode char U+20AB (decimal 8363)
   defining Unicode char U+20AC (decimal 8364)
   defining Unicode char U+20B1 (decimal 8369)
   defining Unicode char U+2103 (decimal 8451)
   defining Unicode char U+2116 (decimal 8470)
   defining Unicode char U+2117 (decimal 8471)
   defining Unicode char U+211E (decimal 8478)
   defining Unicode char U+2120 (decimal 8480)
   defining Unicode char U+2122 (decimal 8482)
   defining Unicode char U+2126 (decimal 8486)
   defining Unicode char U+2127 (decimal 8487)
   defining Unicode char U+212E (decimal 8494)
   defining Unicode char U+2190 (decimal 8592)
   defining Unicode char U+2191 (decimal 8593)
   defining Unicode char U+2192 (decimal 8594)
   defining Unicode char U+2193 (decimal 8595)
   defining Unicode char U+2329 (decimal 9001)
   defining Unicode char U+232A (decimal 9002)
   defining Unicode char U+2422 (decimal 9250)
   defining Unicode char U+25E6 (decimal 9702)
   defining Unicode char U+25EF (decimal 9711)
   defining Unicode char U+266A (decimal 9834)
   defining Unicode char U+27E8 (decimal 10216)
   defining Unicode char U+27E9 (decimal 10217)
   defining Unicode char U+FEFF (decimal 65279)
))
LaTeX Info: Redefining \oldstylenums on input line 334.
Package textcomp Info: Setting cmr sub-encoding to TS1/0 on input line 349.
Package textcomp Info: Setting cmss sub-encoding to TS1/0 on input line 350.
Package textcomp Info: Setting cmtt sub-encoding to TS1/0 on input line 351.
Package textcomp Info: Setting cmvtt sub-encoding to TS1/0 on input line 352.
Package textcomp Info: Setting cmbr sub-encoding to TS1/0 on input line 353.
Package textcomp Info: Setting cmtl sub-encoding to TS1/0 on input line 354.
Package textcomp Info: Setting ccr sub-encoding to TS1/0 on input line 355.
Package textcomp Info: Setting ptm sub-encoding to TS1/4 on input line 356.
Package textcomp Info: Setting pcr sub-encoding to TS1/4 on input line 357.
Package textcomp Info: Setting phv sub-encoding to TS1/4 on input line 358.
Package textcomp Info: Setting ppl sub-encoding to TS1/3 on input line 359.
Package textcomp Info: Setting pag sub-encoding to TS1/4 on input line 360.
Package textcomp Info: Setting pbk sub-encoding to TS1/4 on input line 361.
Package textcomp Info: Setting pnc sub-encoding to TS1/4 on input line 362.
Package textcomp Info: Setting pzc sub-encoding to TS1/4 on input line 363.
Package textcomp Info: Setting bch sub-encoding to TS1/4 on input line 364.
Package textcomp Info: Setting put sub-encoding to TS1/5 on input line 365.
Package textcomp Info: Setting uag sub-encoding to TS1/5 on input line 366.
Package textcomp Info: Setting ugq sub-encoding to TS1/5 on input line 367.
Package textcomp Info: Setting ul8 sub-encoding to TS1/4 on input line 368.
Package textcomp Info: Setting ul9 sub-encoding to TS1/4 on input line 369.
Package textcomp Info: Setting augie sub-encoding to TS1/5 on input line 370.
Package textcomp Info: Setting dayrom sub-encoding to TS1/3 on input line 371.
Package textcomp Info: Setting dayroms sub-encoding to TS1/3 on input line 372.

Package textcomp Info: Setting pxr sub-encoding to TS1/0 on input line 373.
Package textcomp Info: Setting pxss sub-encoding to TS1/0 on input line 374.
Package textcomp Info: Setting pxtt sub-encoding to TS1/0 on input line 375.
Package textcomp Info: Setting txr sub-encoding to TS1/0 on input line 376.
Package textcomp Info: Setting txss sub-encoding to TS1/0 on input line 377.
Package textcomp Info: Setting txtt sub-encoding to TS1/0 on input line 378.
Package textcomp Info: Setting lmr sub-encoding to TS1/0 on input line 379.
Package textcomp Info: Setting lmdh sub-encoding to TS1/0 on input line 380.
Package textcomp Info: Setting lmss sub-encoding to TS1/0 on input line 381.
Package textcomp Info: Setting lmssq sub-encoding to TS1/0 on input line 382.
Package textcomp Info: Setting lmvtt sub-encoding to TS1/0 on input line 383.
Package textcomp Info: Setting lmtt sub-encoding to TS1/0 on input line 384.
Package textcomp Info: Setting qhv sub-encoding to TS1/0 on input line 385.
Package textcomp Info: Setting qag sub-encoding to TS1/0 on input line 386.
Package textcomp Info: Setting qbk sub-encoding to TS1/0 on input line 387.
Package textcomp Info: Setting qcr sub-encoding to TS1/0 on input line 388.
Package textcomp Info: Setting qcs sub-encoding to TS1/0 on input line 389.
Package textcomp Info: Setting qpl sub-encoding to TS1/0 on input line 390.
Package textcomp Info: Setting qtm sub-encoding to TS1/0 on input line 391.
Package textcomp Info: Setting qzc sub-encoding to TS1/0 on input line 392.
Package textcomp Info: Setting qhvc sub-encoding to TS1/0 on input line 393.
Package textcomp Info: Setting futs sub-encoding to TS1/4 on input line 394.
Package textcomp Info: Setting futx sub-encoding to TS1/4 on input line 395.
Package textcomp Info: Setting futj sub-encoding to TS1/4 on input line 396.
Package textcomp Info: Setting hlh sub-encoding to TS1/3 on input line 397.
Package textcomp Info: Setting hls sub-encoding to TS1/3 on input line 398.
Package textcomp Info: Setting hlst sub-encoding to TS1/3 on input line 399.
Package textcomp Info: Setting hlct sub-encoding to TS1/5 on input line 400.
Package textcomp Info: Setting hlx sub-encoding to TS1/5 on input line 401.
Package textcomp Info: Setting hlce sub-encoding to TS1/5 on input line 402.
Package textcomp Info: Setting hlcn sub-encoding to TS1/5 on input line 403.
Package textcomp Info: Setting hlcw sub-encoding to TS1/5 on input line 404.
Package textcomp Info: Setting hlcf sub-encoding to TS1/5 on input line 405.
Package textcomp Info: Setting pplx sub-encoding to TS1/3 on input line 406.
Package textcomp Info: Setting pplj sub-encoding to TS1/3 on input line 407.
Package textcomp Info: Setting ptmx sub-encoding to TS1/4 on input line 408.
Package textcomp Info: Setting ptmj sub-encoding to TS1/4 on input line 409.
)
("C:\Users\Dat Swag\AppData\Roaming\MiKTeX\2.9\tex/latex/adjustbox\adjustbox.st
y"
Package: adjustbox 2019/01/04 v1.2 Adjusting TeX boxes (trim, clip, ...)
 ("C:\Program Files\MiKTeX 2.9\tex/latex/xkeyval\xkeyval.sty"
Package: xkeyval 2014/12/03 v2.7a package option processing (HA)

("C:\Program Files\MiKTeX 2.9\tex/generic/xkeyval\xkeyval.tex"
("C:\Program Files\MiKTeX 2.9\tex/generic/xkeyval\xkvutils.tex"
\XKV@toks=\toks38
\XKV@tempa@toks=\toks39
)
\XKV@depth=\count134
File: xkeyval.tex 2014/12/03 v2.7a key=value parser (HA)
))
("C:\Users\Dat Swag\AppData\Roaming\MiKTeX\2.9\tex/latex/adjustbox\adjcalc.sty"
Package: adjcalc 2012/05/16 v1.1 Provides advanced setlength with multiple back
-ends (calc, etex, pgfmath)
)
("C:\Users\Dat Swag\AppData\Roaming\MiKTeX\2.9\tex/latex/adjustbox\trimclip.sty
"
Package: trimclip 2018/04/08 v1.1 Trim and clip general TeX material

("C:\Users\Dat Swag\AppData\Roaming\MiKTeX\2.9\tex/latex/collectbox\collectbox.
sty"
Package: collectbox 2012/05/17 v0.4b Collect macro arguments as boxes
\collectedbox=\box41
)
\tc@llx=\dimen179
\tc@lly=\dimen180
\tc@urx=\dimen181
\tc@ury=\dimen182
Package trimclip Info: Using driver 'tc-pdftex.def'.

("C:\Users\Dat Swag\AppData\Roaming\MiKTeX\2.9\tex/latex/adjustbox\tc-pdftex.de
f"
File: tc-pdftex.def 2019/01/04 v2.2 Clipping driver for pdftex
))
\adjbox@Width=\dimen183
\adjbox@Height=\dimen184
\adjbox@Depth=\dimen185
\adjbox@Totalheight=\dimen186
\adjbox@pwidth=\dimen187
\adjbox@pheight=\dimen188
\adjbox@pdepth=\dimen189
\adjbox@ptotalheight=\dimen190

("C:\Users\Dat Swag\AppData\Roaming\MiKTeX\2.9\tex/latex/ifoddpage\ifoddpage.st
y"
Package: ifoddpage 2016/04/23 v1.1 Conditionals for odd/even page detection
\c@checkoddpage=\count135
)
("C:\Users\Dat Swag\AppData\Roaming\MiKTeX\2.9\tex/latex/varwidth\varwidth.sty"
Package: varwidth 2009/03/30 ver 0.92;  Variable-width minipages
\@vwid@box=\box42
\sift@deathcycles=\count136
\@vwid@loff=\dimen191
\@vwid@roff=\dimen192
)) ("C:\Users\Dat Swag\AppData\Roaming\MiKTeX\2.9\tex/latex/float\float.sty"
Package: float 2001/11/08 v1.3d Float enhancements (AL)
\c@float@type=\count137
\float@exts=\toks40
\float@box=\box43
\@float@everytoks=\toks41
\@floatcapt=\box44
)
(report.aux)
\openout1 = `report.aux'.

LaTeX Font Info:    Checking defaults for OML/cmm/m/it on input line 32.
LaTeX Font Info:    ... okay on input line 32.
LaTeX Font Info:    Checking defaults for T1/cmr/m/n on input line 32.
LaTeX Font Info:    ... okay on input line 32.
LaTeX Font Info:    Checking defaults for OT1/cmr/m/n on input line 32.
LaTeX Font Info:    ... okay on input line 32.
LaTeX Font Info:    Checking defaults for OMS/cmsy/m/n on input line 32.
LaTeX Font Info:    ... okay on input line 32.
LaTeX Font Info:    Checking defaults for OMX/cmex/m/n on input line 32.
LaTeX Font Info:    ... okay on input line 32.
LaTeX Font Info:    Checking defaults for U/cmr/m/n on input line 32.
LaTeX Font Info:    ... okay on input line 32.
LaTeX Font Info:    Checking defaults for TS1/cmr/m/n on input line 32.
LaTeX Font Info:    Trying to load font information for TS1+cmr on input line 3
2.
 ("C:\Program Files\MiKTeX 2.9\tex/latex/base\ts1cmr.fd"
File: ts1cmr.fd 2014/09/29 v2.5h Standard LaTeX font definitions
)
LaTeX Font Info:    ... okay on input line 32.

("C:\Program Files\MiKTeX 2.9\tex/context/base/mkii\supp-pdf.mkii"
[Loading MPS to PDF converter (version 2006.09.02).]
\scratchcounter=\count138
\scratchdimen=\dimen193
\scratchbox=\box45
\nofMPsegments=\count139
\nofMParguments=\count140
\everyMPshowfont=\toks42
\MPscratchCnt=\count141
\MPscratchDim=\dimen194
\MPnumerator=\count142
\makeMPintoPDFobject=\count143
\everyMPtoPDFconversion=\toks43
) ("C:\Program Files\MiKTeX 2.9\tex/latex/epstopdf-pkg\epstopdf-base.sty"
Package: epstopdf-base 2019-12-09 v2.10 Base part for package epstopdf
Package epstopdf-base Info: Redefining graphics rule for `.eps' on input line 4
85.
)
ABD: EveryShipout initializing macros

Package pgfplots Warning: running in backwards compatibility mode (unsuitable t
ick labels; missing features). Consider writing \pgfplotsset{compat=1.16} into 
your preamble.
 on input line 32.

LaTeX Font Info:    Trying to load font information for U+msa on input line 42.

("C:\Program Files\MiKTeX 2.9\tex/latex/amsfonts\umsa.fd"
File: umsa.fd 2013/01/14 v3.01 AMS symbols A
)
LaTeX Font Info:    Trying to load font information for U+msb on input line 42.


("C:\Program Files\MiKTeX 2.9\tex/latex/amsfonts\umsb.fd"
File: umsb.fd 2013/01/14 v3.01 AMS symbols B
) [1

{C:/Users/Dat Swag/AppData/Local/MiKTeX/2.9/pdftex/config/pdftex.map}] [2] (rep
ort.aux) ) 
Here is how much of TeX's memory you used:
 24847 strings out of 492483
 616580 string characters out of 3130364
 791834 words of memory out of 3000000
 28749 multiletter control sequences out of 15000+200000
 15355 words of font info for 43 fonts, out of 3000000 for 9000
 1143 hyphenation exceptions out of 8191
 68i,6n,98p,742b,609s stack positions out of 5000i,500n,10000p,200000b,50000s
 <C:\Users\Dat Swag\AppData\Local\MiKTeX\2.9\fonts/pk/ljfour/jknappen
/ec/dpi600\ecbx1200.pk> <C:\Users\Dat Swag\AppData\Local\MiKTeX\2.9\fonts/pk/lj
four/jknappen/ec/dpi600\tcrm1095.pk> <C:\Users\Dat Swag\AppData\Local\MiKTeX\2.
9\fonts/pk/ljfour/jknappen/ec/dpi600\ecti1095.pk> <C:\Users\Dat Swag\AppData\Lo
cal\MiKTeX\2.9\fonts/pk/ljfour/jknappen/ec/dpi600\ecbx1095.pk> <C:\Users\Dat Sw
ag\AppData\Local\MiKTeX\2.9\fonts/pk/ljfour/jknappen/ec/dpi600\ecrm1095.pk> <C:
\Users\Dat Swag\AppData\Local\MiKTeX\2.9\fonts/pk/ljfour/jknappen/ec/dpi600\ecb
x1440.pk> <C:\Users\Dat Swag\AppData\Local\MiKTeX\2.9\fonts/pk/ljfour/jknappen/
ec/dpi600\tcrm1200.pk> <C:\Users\Dat Swag\AppData\Local\MiKTeX\2.9\fonts/pk/ljf
our/jknappen/ec/dpi600\ecrm1200.pk> <C:\Users\Dat Swag\AppData\Local\MiKTeX\2.9
\fonts/pk/ljfour/jknappen/ec/dpi600\ecrm1728.pk>
Output written on report.pdf (2 pages, 74060 bytes).
PDF statistics:
 239 PDF objects out of 1000 (max. 8388607)
 0 named destinations out of 1000 (max. 500000)
 13 words of extra memory for PDF output out of 10000 (max. 10000000)

